
--------------------------------------------------
TXLib соболезнует...

Программа: D:\school\КПК\Репозиторий\Algoritm_\Less_2_2_cikl_sdvig.exe, файл: D:\school\КПК\Репозиторий\Algoritm_\Less_2_2_cikl_sdvig.cpp, строка: 45, функция: void sdvigRite(int*, int),

Сообщение: ВНЕЗАПНО: Логическая ошибка: Неверно, что "size - 1 >= i-1 && i-1 > 0".

#1: TXLib [Ver: 00173a, Rev: 171, Date: 2021-10-03 23:49:44 +0400], Instance: 0x005062FC (32-bit), Flags: Cmdre0, Thread: 0x1E4C (Main). 

--------------------------------------------------
Стек вызовов:

# 0 0x0042D079 in D:\school\КПК\Репозиторий\Algoritm_\Less_2_2_cikl_sdvig.exe: sdvigRite() at D:/school/КПК/Репозиторий/Algoritm_/Less_2_2_cikl_sdvig.cpp (45):

     43:          {
     44:          assert (size - 1 >= i   && i   > 0);
=>   45:          assert (size - 1 >= i-1 && i-1 > 0);
     46: 
     47:          data [i] = data [i - 1];

# 1 0x0042CEE3 in D:\school\КПК\Репозиторий\Algoritm_\Less_2_2_cikl_sdvig.exe: main() at D:/school/КПК/Репозиторий/Algoritm_/Less_2_2_cikl_sdvig.cpp (18):

     16: 
     17:     Cikl_sdvig_Left (data, size);
=>   18:     sdvigRite       (data, size);
     19: 
     20:     return 0;

--------------------------------------------------
Developed with:

The Dumb Artist Library (TX Library)
TXLib [Ver: 00173a, Rev: 171, Date: 2021-10-03 23:49:44 +0400]
Copyright (C) Ded (Ilya Dedinsky, http://txlib.ru) <mail@txlib.ru>
See license on: http://txlib.ru

TXLib file:	D:\school\TX\TXLib.h
Compiled:	Nov 21 2021 19:23:28, GNU g++ 4.8.1, std=201103L, MinGW Runtime 3.20, 32-bit, DEBUG
Started:	Nov 21 2021 19:23:34

Run file:	D:\school\КПК\Репозиторий\Algoritm_\Less_2_2_cikl_sdvig.exe
Directory:	D:\school\КПК\Репозиторий\Algoritm_

--------------------------------------------------
